<?xml version="1.0" encoding="UTF-8"?>
<!-- Generated by org.testng.reporters.JUnitXMLReporter -->
<testsuite ignored="0" hostname="Asus" failures="0" tests="4" name="Surefire test" time="5.43" errors="0" timestamp="2023-11-16T15:28:37 GET">
  <testcase classname="org.example.AppAPITest" name="addItemsToPlaylistTest" time="1.932"/>
  <testcase classname="org.example.AppAPITest" name="createPlaylistTest" time="0.56"/>
  <testcase classname="org.example.AppAPITest" name="editDetailsOfThePlaylistTest" time="0.839"/>
  <testcase classname="org.example.AppAPITest" name="removeSongFromPlaylistTest" time="1.395"/>
</testsuite> <!-- Surefire test -->
