<?xml version="1.0" encoding="UTF-8"?>
<testsuite xmlns:xsi="http://www.w3.org/2001/XMLSchema-instance" xsi:noNamespaceSchemaLocation="https://maven.apache.org/surefire/maven-surefire-plugin/xsd/surefire-test-report-3.0.xsd" version="3.0" name="org.example.AppAPITest" time="5.997" tests="4" errors="0" skipped="0" failures="0">
  <properties>
[...]
</properties>
  <testcase name="addItemsToPlaylistTest" classname="org.example.AppAPITest" time="1.954">
    <system-out><![CDATA[Access Token: BQBdyZD1FVB76is0UayLkptP37UpbmyUoaP6hEHk3Jsdpw_OeqQLaWZMsJzVsiMr6SLEaiyw_kbNF58X04byeNEGIfOo0-x_YLPb6mpgmmrIjhMCiEBX0gNRE0TppBlL-JYwQ0JoJYuWc3LDe73hZFUAILhx8YmnAJctIv1bHgaxmdWm-nvQcnRtw_-VmzkPWHHvGiO9a0wX-h30sPS6_JCL90-GFvguHHYuTxUicxZech5EDP1hH2iLLtB4Gsjp5dojqCe5VfkCzZpbzR5qMhtt5IY
Refresh Token: AQCeS7GjWrK2g2_UYsa1_I5DPe3e_rOKCS9rDjsm1FLSYocBgi-Uh7BkoB0ZG4g8HIq2ZyDY7N8fI2OdwOkHHEfqlG8jXRpQVvzEifiNX45Htd0gtUk_DyTGMxk3x9VhWjc
Expires At: 1700137682
]]></system-out>
    <system-err><![CDATA[SLF4J: Failed to load class "org.slf4j.impl.StaticLoggerBinder".
SLF4J: Defaulting to no-operation (NOP) logger implementation
SLF4J: See http://www.slf4j.org/codes.html#StaticLoggerBinder for further details.
]]></system-err>
  </testcase>
  <testcase name="createPlaylistTest" classname="org.example.AppAPITest" time="0.563"/>
  <testcase name="editDetailsOfThePlaylistTest" classname="org.example.AppAPITest" time="0.842">
    <system-out><![CDATA[HTTP/1.1 201 Created
content-type: application/json; charset=utf-8
cache-control: private, max-age=0
location: https://api.spotify.com/v1/playlists/4kUhACuPR8en86hGIBsF9z
x-robots-tag: noindex, nofollow
access-control-allow-origin: *
access-control-allow-headers: Accept, App-Platform, Authorization, Content-Type, Origin, Retry-After, Spotify-App-Version, X-Cloud-Trace-Context, client-token, content-access-token
access-control-allow-methods: GET, POST, OPTIONS, PUT, DELETE, PATCH
access-control-allow-credentials: true
access-control-max-age: 604800
content-encoding: gzip
strict-transport-security: max-age=31536000
x-content-type-options: nosniff
date: Thu, 16 Nov 2023 11:28:35 GMT
server: envoy
Via: HTTP/2 edgeproxy, 1.1 google
Alt-Svc: h3=":443"; ma=2592000,h3-29=":443"; ma=2592000
Transfer-Encoding: chunked

{
    "collaborative": false,
    "description": null,
    "external_urls": {
        "spotify": "https://open.spotify.com/playlist/4kUhACuPR8en86hGIBsF9z"
    },
    "followers": {
        "href": null,
        "total": 0
    },
    "href": "https://api.spotify.com/v1/playlists/4kUhACuPR8en86hGIBsF9z",
    "id": "4kUhACuPR8en86hGIBsF9z",
    "images": [
        
    ],
    "name": "Playlist for Test",
    "owner": {
        "display_name": "Viktoriia",
        "external_urls": {
            "spotify": "https://open.spotify.com/user/31ok6gblzqtadwzm4tacxdvsebsi"
        },
        "href": "https://api.spotify.com/v1/users/31ok6gblzqtadwzm4tacxdvsebsi",
        "id": "31ok6gblzqtadwzm4tacxdvsebsi",
        "type": "user",
        "uri": "spotify:user:31ok6gblzqtadwzm4tacxdvsebsi"
    },
    "primary_color": null,
    "public": false,
    "snapshot_id": "MSwzNWYwMDM2MmZmODNiMmNlN2RkYWJjNWZjZDVkZjYyYTViZjI0MjY3",
    "tracks": {
        "href": "https://api.spotify.com/v1/playlists/4kUhACuPR8en86hGIBsF9z/tracks",
        "items": [
            
        ],
        "limit": 100,
        "next": null,
        "offset": 0,
        "previous": null,
        "total": 0
    },
    "type": "playlist",
    "uri": "spotify:playlist:4kUhACuPR8en86hGIBsF9z"
}
]]></system-out>
  </testcase>
  <testcase name="removeSongFromPlaylistTest" classname="org.example.AppAPITest" time="1.4">
    <system-out><![CDATA[HTTP/1.1 201 Created
content-type: application/json; charset=utf-8
cache-control: private, max-age=0
location: https://api.spotify.com/v1/playlists/2pu6FgJYI5hBQEyqRCdU7H
x-robots-tag: noindex, nofollow
access-control-allow-origin: *
access-control-allow-headers: Accept, App-Platform, Authorization, Content-Type, Origin, Retry-After, Spotify-App-Version, X-Cloud-Trace-Context, client-token, content-access-token
access-control-allow-methods: GET, POST, OPTIONS, PUT, DELETE, PATCH
access-control-allow-credentials: true
access-control-max-age: 604800
content-encoding: gzip
strict-transport-security: max-age=31536000
x-content-type-options: nosniff
date: Thu, 16 Nov 2023 11:28:36 GMT
server: envoy
Via: HTTP/2 edgeproxy, 1.1 google
Alt-Svc: h3=":443"; ma=2592000,h3-29=":443"; ma=2592000
Transfer-Encoding: chunked

{
    "collaborative": false,
    "description": "Playlist for Test",
    "external_urls": {
        "spotify": "https://open.spotify.com/playlist/2pu6FgJYI5hBQEyqRCdU7H"
    },
    "followers": {
        "href": null,
        "total": 0
    },
    "href": "https://api.spotify.com/v1/playlists/2pu6FgJYI5hBQEyqRCdU7H",
    "id": "2pu6FgJYI5hBQEyqRCdU7H",
    "images": [
        
    ],
    "name": "Playlist for Test",
    "owner": {
        "display_name": "Viktoriia",
        "external_urls": {
            "spotify": "https://open.spotify.com/user/31ok6gblzqtadwzm4tacxdvsebsi"
        },
        "href": "https://api.spotify.com/v1/users/31ok6gblzqtadwzm4tacxdvsebsi",
        "id": "31ok6gblzqtadwzm4tacxdvsebsi",
        "type": "user",
        "uri": "spotify:user:31ok6gblzqtadwzm4tacxdvsebsi"
    },
    "primary_color": null,
    "public": false,
    "snapshot_id": "MSxkZjU3ZmI2MDY1OTk3OTA5Nzk1NGFhNDk0NzIyZjU5NzNmNGFlNWY0",
    "tracks": {
        "href": "https://api.spotify.com/v1/playlists/2pu6FgJYI5hBQEyqRCdU7H/tracks",
        "items": [
            
        ],
        "limit": 100,
        "next": null,
        "offset": 0,
        "previous": null,
        "total": 0
    },
    "type": "playlist",
    "uri": "spotify:playlist:2pu6FgJYI5hBQEyqRCdU7H"
}
]]></system-out>
  </testcase>
</testsuite>