<?xml version="1.0" encoding="UTF-8"?>
<testng-results ignored="0" total="4" passed="4" failed="0" skipped="0">
  <reporter-output>
  </reporter-output>
  <suite started-at="2023-11-16T15:28:31 GET" name="Surefire suite" finished-at="2023-11-16T15:28:37 GET" duration-ms="5430">
    <groups>
    </groups>
    <test started-at="2023-11-16T15:28:31 GET" name="Surefire test" finished-at="2023-11-16T15:28:37 GET" duration-ms="5430">
      <class name="org.example.AppAPITest">
        <test-method is-config="true" signature="setUpApi()[pri:0, instance:org.example.AppAPITest@60bd273d]" started-at="2023-11-16T15:28:31 GET" name="setUpApi" finished-at="2023-11-16T15:28:31 GET" duration-ms="348" status="PASS">
          <reporter-output>
          </reporter-output>
        </test-method> <!-- setUpApi -->
        <test-method is-config="true" signature="setupAPITests()[pri:0, instance:org.example.AppAPITest@60bd273d]" started-at="2023-11-16T15:28:31 GET" name="setupAPITests" finished-at="2023-11-16T15:28:32 GET" duration-ms="216" status="PASS">
          <reporter-output>
          </reporter-output>
        </test-method> <!-- setupAPITests -->
        <test-method signature="addItemsToPlaylistTest()[pri:0, instance:org.example.AppAPITest@60bd273d]" started-at="2023-11-16T15:28:32 GET" name="addItemsToPlaylistTest" finished-at="2023-11-16T15:28:34 GET" duration-ms="1932" status="PASS">
          <reporter-output>
          </reporter-output>
        </test-method> <!-- addItemsToPlaylistTest -->
        <test-method is-config="true" signature="setupAPITests()[pri:0, instance:org.example.AppAPITest@60bd273d]" started-at="2023-11-16T15:28:34 GET" name="setupAPITests" finished-at="2023-11-16T15:28:34 GET" duration-ms="4" status="PASS">
          <reporter-output>
          </reporter-output>
        </test-method> <!-- setupAPITests -->
        <test-method signature="createPlaylistTest()[pri:0, instance:org.example.AppAPITest@60bd273d]" started-at="2023-11-16T15:28:34 GET" name="createPlaylistTest" finished-at="2023-11-16T15:28:34 GET" duration-ms="560" status="PASS">
          <reporter-output>
          </reporter-output>
        </test-method> <!-- createPlaylistTest -->
        <test-method is-config="true" signature="setupAPITests()[pri:0, instance:org.example.AppAPITest@60bd273d]" started-at="2023-11-16T15:28:34 GET" name="setupAPITests" finished-at="2023-11-16T15:28:34 GET" duration-ms="2" status="PASS">
          <reporter-output>
          </reporter-output>
        </test-method> <!-- setupAPITests -->
        <test-method signature="editDetailsOfThePlaylistTest()[pri:0, instance:org.example.AppAPITest@60bd273d]" started-at="2023-11-16T15:28:34 GET" name="editDetailsOfThePlaylistTest" finished-at="2023-11-16T15:28:35 GET" duration-ms="839" status="PASS">
          <reporter-output>
          </reporter-output>
        </test-method> <!-- editDetailsOfThePlaylistTest -->
        <test-method is-config="true" signature="setupAPITests()[pri:0, instance:org.example.AppAPITest@60bd273d]" started-at="2023-11-16T15:28:35 GET" name="setupAPITests" finished-at="2023-11-16T15:28:35 GET" duration-ms="4" status="PASS">
          <reporter-output>
          </reporter-output>
        </test-method> <!-- setupAPITests -->
        <test-method signature="removeSongFromPlaylistTest()[pri:0, instance:org.example.AppAPITest@60bd273d]" started-at="2023-11-16T15:28:35 GET" name="removeSongFromPlaylistTest" finished-at="2023-11-16T15:28:37 GET" duration-ms="1395" status="PASS">
          <reporter-output>
          </reporter-output>
        </test-method> <!-- removeSongFromPlaylistTest -->
      </class> <!-- org.example.AppAPITest -->
    </test> <!-- Surefire test -->
  </suite> <!-- Surefire suite -->
</testng-results>
